2024.09.07 13:20:25 INFO  Started: Metals version 1.3.5 in folders '/home/math/sd_test' for client Visual Studio Code 1.93.0.[0m
SLF4J(W): Class path contains multiple SLF4J providers.
SLF4J(W): Found provider [scribe.slf4j.ScribeServiceProvider@7375e6d1]
SLF4J(W): Found provider [ch.qos.logback.classic.spi.LogbackServiceProvider@67c71150]
SLF4J(W): See https://www.slf4j.org/codes.html#multiple_bindings for an explanation.
SLF4J(I): Actual provider is of type [scribe.slf4j.ScribeServiceProvider@7375e6d1]
2024.09.07 13:20:26 WARN  Flyway upgrade recommended: H2 2.3.230 is newer than this version of Flyway and support has not been tested. The latest supported version of H2 is 2.2.220.[0m
2024.09.07 13:20:28 INFO  no build target found for /home/math/sd_test/src/main/scala/test.scala. Using presentation compiler with project's scala-library version: 3.3.3[0m
Sep 07, 2024 1:20:28 PM org.eclipse.lsp4j.jsonrpc.RemoteEndpoint handleCancellation
WARNING: Unmatched cancel notification for request id 3
Sep 07, 2024 1:20:28 PM org.eclipse.lsp4j.jsonrpc.RemoteEndpoint handleCancellation
WARNING: Unmatched cancel notification for request id 1
2024.09.07 13:20:34 INFO  running '/usr/bin/sbt -Dbloop.export-jar-classifiers=sources bloopInstall'[0m
2024.09.07 13:20:34 WARN  no build target for: /home/math/sd_test/project/project/metals.sbt[0m
2024.09.07 13:20:34 WARN  no build target for: /home/math/sd_test/project/metals.sbt[0m
2024.09.07 13:20:34 INFO  no build target found for /home/math/sd_test/project/project/metals.sbt. Using presentation compiler with project's scala-library version: 3.3.3[0m
2024.09.07 13:20:35 INFO  copying runtime jar...[0m
2024.09.07 13:20:36 INFO  no build target found for /home/math/sd_test/project/metals.sbt. Using presentation compiler with project's scala-library version: 3.3.3[0m
2024.09.07 13:20:45 INFO  [info] welcome to sbt 1.10.0 (Eclipse Adoptium Java 17)[0m
2024.09.07 13:20:53 INFO  [info] loading settings for project sd_test-build-build-build from metals.sbt ...[0m
2024.09.07 13:20:55 INFO  [info] loading project definition from /home/math/sd_test/project/project/project[0m
2024.09.07 13:21:03 INFO  [info] loading settings for project sd_test-build-build from metals.sbt ...[0m
2024.09.07 13:21:03 INFO  [info] loading project definition from /home/math/sd_test/project/project[0m
2024.09.07 13:21:11 INFO  [success] Generated .bloop/sd_test-build-build.json[0m
2024.09.07 13:21:11 INFO  [success] Total time: 8 s, completed Sep 7, 2024, 1:21:12 PM[0m
2024.09.07 13:21:13 INFO  [info] loading settings for project sd_test-build from metals.sbt,plugins.sbt ...[0m
2024.09.07 13:21:13 INFO  [info] loading project definition from /home/math/sd_test/project[0m
2024.09.07 13:21:15 INFO  [success] Generated .bloop/sd_test-build.json[0m
2024.09.07 13:21:15 INFO  [success] Total time: 2 s, completed Sep 7, 2024, 1:21:15 PM[0m
2024.09.07 13:21:18 INFO  [info] loading settings for project sd_test from build.sbt ...[0m
2024.09.07 13:21:18 INFO  [info] set current project to MyScalaTestProject (in build file:/home/math/sd_test/)[0m
2024.09.07 13:21:20 INFO  [success] Generated .bloop/sd_test.json[0m
2024.09.07 13:21:20 INFO  [success] Generated .bloop/sd_test-test.json[0m
2024.09.07 13:21:20 INFO  [success] Total time: 2 s, completed Sep 7, 2024, 1:21:20 PM[0m
2024.09.07 13:21:21 INFO  time: ran 'sbt bloopInstall' in 46s[0m
2024.09.07 13:21:21 INFO  Attempting to connect to the build server...[0m
2024.09.07 13:21:21 INFO  Setting up current java home /home/math/.cache/coursier/arc/https/github.com/adoptium/temurin17-binaries/releases/download/jdk-17%252B35/OpenJDK17-jdk_x64_linux_hotspot_17_35.tar.gz/jdk-17+35 in /home/math/.bloop/bloop.json[0m
2024.09.07 13:21:33 INFO  tracing is disabled for protocol BSP, to enable tracing of incoming and outgoing JSON messages create an empty file at /home/math/sd_test/.metals/bsp.trace.json or /home/math/.cache/metals/bsp.trace.json[0m
2024.09.07 13:21:38 INFO  Attempting to connect to the build server...[0m
2024.09.07 13:21:38 INFO  Attempting to connect to the build server...[0m
2024.09.07 13:21:38 INFO  tracing is disabled for protocol BSP, to enable tracing of incoming and outgoing JSON messages create an empty file at /home/math/sd_test/project/project/.metals/bsp.trace.json or /home/math/.cache/metals/bsp.trace.json[0m
2024.09.07 13:21:38 INFO  tracing is disabled for protocol BSP, to enable tracing of incoming and outgoing JSON messages create an empty file at /home/math/sd_test/project/.metals/bsp.trace.json or /home/math/.cache/metals/bsp.trace.json[0m
2024.09.07 13:21:38 INFO  time: Connected to build server in 17s[0m
2024.09.07 13:21:38 INFO  Connected to Build server: Bloop v1.6.0[0m
2024.09.07 13:21:38 INFO  time: Imported build in 0.28s[0m
2024.09.07 13:21:38 INFO  running doctor check[0m
2024.09.07 13:21:38 INFO  java targets: sd_test-build-build, sd_test, sd_test-build, sd_test-test[0m
2024.09.07 13:21:45 WARN  Flyway upgrade recommended: H2 2.3.230 is newer than this version of Flyway and support has not been tested. The latest supported version of H2 is 2.2.220.[0m
2024.09.07 13:22:09 INFO  time: indexed workspace in 30s[0m
2024.09.07 13:22:10 INFO  compiling sd_test (2 scala sources)[0m
2024.09.07 13:22:28 INFO  time: compiled sd_test in 18s[0m
Sep 07, 2024 1:22:42 PM org.eclipse.lsp4j.jsonrpc.services.GenericEndpoint notify
INFO: Unsupported notification method: $/setTrace
Sep 07, 2024 1:22:42 PM org.eclipse.lsp4j.jsonrpc.services.GenericEndpoint notify
INFO: Unsupported notification method: $/setTrace
Sep 07, 2024 1:32:50 PM org.eclipse.lsp4j.jsonrpc.services.GenericEndpoint notify
INFO: Unsupported notification method: $/setTrace
Sep 07, 2024 1:33:01 PM org.eclipse.lsp4j.jsonrpc.services.GenericEndpoint notify
INFO: Unsupported notification method: $/setTrace
Sep 07, 2024 1:33:16 PM org.eclipse.lsp4j.jsonrpc.services.GenericEndpoint notify
INFO: Unsupported notification method: $/setTrace
Sep 07, 2024 1:34:02 PM org.eclipse.lsp4j.jsonrpc.services.GenericEndpoint notify
INFO: Unsupported notification method: $/setTrace
Sep 07, 2024 1:34:03 PM org.eclipse.lsp4j.jsonrpc.services.GenericEndpoint notify
INFO: Unsupported notification method: $/setTrace
Sep 07, 2024 1:34:04 PM org.eclipse.lsp4j.jsonrpc.services.GenericEndpoint notify
INFO: Unsupported notification method: $/setTrace
Sep 07, 2024 1:34:05 PM org.eclipse.lsp4j.jsonrpc.services.GenericEndpoint notify
INFO: Unsupported notification method: $/setTrace
Sep 07, 2024 1:34:06 PM org.eclipse.lsp4j.jsonrpc.services.GenericEndpoint notify
INFO: Unsupported notification method: $/setTrace
Sep 07, 2024 1:34:08 PM org.eclipse.lsp4j.jsonrpc.services.GenericEndpoint notify
INFO: Unsupported notification method: $/setTrace
Sep 07, 2024 1:34:10 PM org.eclipse.lsp4j.jsonrpc.services.GenericEndpoint notify
INFO: Unsupported notification method: $/setTrace
Sep 07, 2024 1:34:11 PM org.eclipse.lsp4j.jsonrpc.services.GenericEndpoint notify
INFO: Unsupported notification method: $/setTrace
Sep 07, 2024 1:34:12 PM org.eclipse.lsp4j.jsonrpc.services.GenericEndpoint notify
INFO: Unsupported notification method: $/setTrace
Sep 07, 2024 1:34:14 PM org.eclipse.lsp4j.jsonrpc.services.GenericEndpoint notify
INFO: Unsupported notification method: $/setTrace
Sep 07, 2024 1:34:15 PM org.eclipse.lsp4j.jsonrpc.services.GenericEndpoint notify
INFO: Unsupported notification method: $/setTrace
Sep 07, 2024 1:34:17 PM org.eclipse.lsp4j.jsonrpc.services.GenericEndpoint notify
INFO: Unsupported notification method: $/setTrace
Sep 07, 2024 1:34:18 PM org.eclipse.lsp4j.jsonrpc.services.GenericEndpoint notify
INFO: Unsupported notification method: $/setTrace
Sep 07, 2024 1:34:18 PM org.eclipse.lsp4j.jsonrpc.services.GenericEndpoint notify
INFO: Unsupported notification method: $/setTrace
Sep 07, 2024 1:34:20 PM org.eclipse.lsp4j.jsonrpc.services.GenericEndpoint notify
INFO: Unsupported notification method: $/setTrace
Sep 07, 2024 1:34:26 PM org.eclipse.lsp4j.jsonrpc.RemoteEndpoint handleCancellation
WARNING: Unmatched cancel notification for request id 35
Sep 07, 2024 1:34:38 PM org.eclipse.lsp4j.jsonrpc.RemoteEndpoint handleCancellation
WARNING: Unmatched cancel notification for request id 71
2024.09.07 13:34:40 INFO  compiling sd_test (1 scala source)[0m
2024.09.07 13:34:43 INFO  time: compiled sd_test in 2.98s[0m
2024.09.07 13:34:55 INFO  compiling sd_test (1 scala source)[0m
2024.09.07 13:34:55 INFO  time: compiled sd_test in 0.27s[0m
2024.09.07 13:35:01 INFO  compiling sd_test (1 scala source)[0m
2024.09.07 13:35:04 ERROR /home/math/sd_test/src/main/scala/test.scala
scala.meta.internal.tokenizers.package$UnexpectedInputEndException
	at scala.meta.internal.tokenizers.LegacyScanner.$anonfun$nextToken$1(LegacyScanner.scala:172)
	at scala.Function0.apply$mcV$sp(Function0.scala:42)
	at scala.meta.internal.tokenizers.LegacyScanner.scala$meta$internal$tokenizers$LegacyScanner$$nextToken(LegacyScanner.scala:178)
	at scala.meta.internal.tokenizers.LegacyScanner.nextToken(LegacyScanner.scala:172)
	at scala.meta.internal.mtags.ScalaToplevelMtags$XtensionScanner.mtagsNextToken(ScalaToplevelMtags.scala:72)
	at scala.meta.internal.mtags.ScalaToplevelMtags.emitMember(ScalaToplevelMtags.scala:709)
	at scala.meta.internal.mtags.ScalaToplevelMtags.loop(ScalaToplevelMtags.scala:247)
	at scala.meta.internal.mtags.ScalaToplevelMtags.indexRoot(ScalaToplevelMtags.scala:84)
	at scala.meta.internal.metals.SemanticdbDefinition$.foreachWithReturnMtags(SemanticdbDefinition.scala:81)
	at scala.meta.internal.metals.Indexer.indexSourceFile(Indexer.scala:595)
	at scala.meta.internal.metals.Indexer.$anonfun$reindexWorkspaceSources$3(Indexer.scala:693)
	at scala.meta.internal.metals.Indexer.$anonfun$reindexWorkspaceSources$3$adapted(Indexer.scala:690)
	at scala.collection.IterableOnceOps.foreach(IterableOnce.scala:619)
	at scala.collection.IterableOnceOps.foreach$(IterableOnce.scala:617)
	at scala.collection.AbstractIterator.foreach(Iterator.scala:1303)
	at scala.meta.internal.metals.Indexer.reindexWorkspaceSources(Indexer.scala:690)
	at scala.meta.internal.metals.MetalsLspService.$anonfun$onChange$2(MetalsLspService.scala:952)
	at scala.runtime.java8.JFunction0$mcV$sp.apply(JFunction0$mcV$sp.scala:18)
	at scala.concurrent.Future$.$anonfun$apply$1(Future.scala:687)
	at scala.concurrent.impl.Promise$Transformation.run(Promise.scala:467)
	at java.util.concurrent.ThreadPoolExecutor.runWorker(ThreadPoolExecutor.java:1136)
	at java.util.concurrent.ThreadPoolExecutor$Worker.run(ThreadPoolExecutor.java:635)
	at java.lang.Thread.run(Thread.java:833)
[0m
2024.09.07 13:35:04 INFO  time: compiled sd_test in 3.19s[0m
2024.09.07 13:35:05 WARN  Could not load snapshot text for /home/math/sd_test/src/main/scala/test.scala[0m
Sep 07, 2024 1:35:07 PM org.eclipse.lsp4j.jsonrpc.RemoteEndpoint handleCancellation
WARNING: Unmatched cancel notification for request id 210
2024.09.07 13:35:07 WARN  Could not load snapshot text for /home/math/sd_test/src/main/scala/test.scala[0m
2024.09.07 13:35:07 WARN  Could not load snapshot text for /home/math/sd_test/src/main/scala/test.scala[0m
2024.09.07 13:35:10 WARN  Could not load snapshot text for /home/math/sd_test/src/main/scala/test.scala[0m
2024.09.07 13:35:11 WARN  Could not load snapshot text for /home/math/sd_test/src/main/scala/test.scala[0m
2024.09.07 13:35:11 INFO  compiling sd_test (1 scala source)[0m
2024.09.07 13:35:11 INFO  time: compiled sd_test in 0.2s[0m
2024.09.07 13:35:11 WARN  Could not load snapshot text for /home/math/sd_test/src/main/scala/test.scala[0m
2024.09.07 13:35:13 WARN  Could not load snapshot text for /home/math/sd_test/src/main/scala/test.scala[0m
Sep 07, 2024 1:35:13 PM org.eclipse.lsp4j.jsonrpc.RemoteEndpoint handleCancellation
WARNING: Unmatched cancel notification for request id 246
Sep 07, 2024 1:35:13 PM org.eclipse.lsp4j.jsonrpc.RemoteEndpoint handleCancellation
WARNING: Unmatched cancel notification for request id 250
Sep 07, 2024 1:35:13 PM org.eclipse.lsp4j.jsonrpc.RemoteEndpoint handleCancellation
WARNING: Unmatched cancel notification for request id 252
Sep 07, 2024 1:35:13 PM org.eclipse.lsp4j.jsonrpc.RemoteEndpoint handleCancellation
WARNING: Unmatched cancel notification for request id 253
2024.09.07 13:35:13 WARN  Could not load snapshot text for /home/math/sd_test/src/main/scala/test.scala[0m
2024.09.07 13:35:13 WARN  Could not load snapshot text for /home/math/sd_test/src/main/scala/test.scala[0m
2024.09.07 13:35:14 WARN  Could not load snapshot text for /home/math/sd_test/src/main/scala/test.scala[0m
2024.09.07 13:35:14 WARN  Could not load snapshot text for /home/math/sd_test/src/main/scala/test.scala[0m
2024.09.07 13:35:15 INFO  compiling sd_test (1 scala source)[0m
2024.09.07 13:35:15 INFO  time: compiled sd_test in 0.15s[0m
2024.09.07 13:35:15 WARN  Could not load snapshot text for /home/math/sd_test/src/main/scala/test.scala[0m
2024.09.07 13:35:16 WARN  Could not load snapshot text for /home/math/sd_test/src/main/scala/test.scala[0m
2024.09.07 13:35:16 WARN  Could not load snapshot text for /home/math/sd_test/src/main/scala/test.scala[0m
2024.09.07 13:35:19 WARN  Could not load snapshot text for /home/math/sd_test/src/main/scala/test.scala[0m
Sep 07, 2024 1:35:19 PM org.eclipse.lsp4j.jsonrpc.RemoteEndpoint handleCancellation
WARNING: Unmatched cancel notification for request id 295
2024.09.07 13:35:19 WARN  Could not load snapshot text for /home/math/sd_test/src/main/scala/test.scala[0m
2024.09.07 13:35:19 WARN  Could not load snapshot text for /home/math/sd_test/src/main/scala/test.scala[0m
2024.09.07 13:35:20 WARN  Could not load snapshot text for /home/math/sd_test/src/main/scala/test.scala[0m
2024.09.07 13:35:21 WARN  Could not load snapshot text for /home/math/sd_test/src/main/scala/test.scala[0m
2024.09.07 13:35:22 INFO  compiling sd_test (1 scala source)[0m
2024.09.07 13:35:22 INFO  time: compiled sd_test in 0.1s[0m
2024.09.07 13:35:22 WARN  Could not load snapshot text for /home/math/sd_test/src/main/scala/test.scala[0m
2024.09.07 13:35:30 WARN  Could not load snapshot text for /home/math/sd_test/src/main/scala/test.scala[0m
2024.09.07 13:35:30 WARN  Could not load snapshot text for /home/math/sd_test/src/main/scala/test.scala[0m
2024.09.07 13:35:30 WARN  Could not load snapshot text for /home/math/sd_test/src/main/scala/test.scala[0m
2024.09.07 13:35:32 WARN  Could not load snapshot text for /home/math/sd_test/src/main/scala/test.scala[0m
2024.09.07 13:35:33 WARN  Could not load snapshot text for /home/math/sd_test/src/main/scala/test.scala[0m
2024.09.07 13:35:34 WARN  Could not load snapshot text for /home/math/sd_test/src/main/scala/test.scala[0m
2024.09.07 13:35:36 WARN  Could not load snapshot text for /home/math/sd_test/src/main/scala/test.scala[0m
Sep 07, 2024 1:35:36 PM org.eclipse.lsp4j.jsonrpc.RemoteEndpoint handleCancellation
WARNING: Unmatched cancel notification for request id 380
2024.09.07 13:35:36 WARN  Could not load snapshot text for /home/math/sd_test/src/main/scala/test.scala[0m
Sep 07, 2024 1:35:36 PM org.eclipse.lsp4j.jsonrpc.RemoteEndpoint handleCancellation
WARNING: Unmatched cancel notification for request id 385
Sep 07, 2024 1:35:36 PM org.eclipse.lsp4j.jsonrpc.RemoteEndpoint handleCancellation
WARNING: Unmatched cancel notification for request id 386
2024.09.07 13:35:36 WARN  Could not load snapshot text for /home/math/sd_test/src/main/scala/test.scala[0m
2024.09.07 13:35:37 WARN  Could not load snapshot text for /home/math/sd_test/src/main/scala/test.scala[0m
2024.09.07 13:35:37 WARN  Could not load snapshot text for /home/math/sd_test/src/main/scala/test.scala[0m
2024.09.07 13:35:37 WARN  Could not load snapshot text for /home/math/sd_test/src/main/scala/test.scala[0m
2024.09.07 13:35:38 WARN  Could not load snapshot text for /home/math/sd_test/src/main/scala/test.scala[0m
2024.09.07 13:35:37 WARN  Could not load snapshot text for /home/math/sd_test/src/main/scala/test.scala[0m
2024.09.07 13:35:39 WARN  Could not load snapshot text for /home/math/sd_test/src/main/scala/test.scala[0m
2024.09.07 13:35:39 INFO  compiling sd_test (1 scala source)[0m
2024.09.07 13:35:39 INFO  time: compiled sd_test in 0.12s[0m
2024.09.07 13:35:39 WARN  Could not load snapshot text for /home/math/sd_test/src/main/scala/test.scala[0m
2024.09.07 13:35:41 WARN  Could not load snapshot text for /home/math/sd_test/src/main/scala/test.scala[0m
2024.09.07 13:35:41 WARN  Could not load snapshot text for /home/math/sd_test/src/main/scala/test.scala[0m
Sep 07, 2024 1:35:41 PM org.eclipse.lsp4j.jsonrpc.RemoteEndpoint handleCancellation
WARNING: Unmatched cancel notification for request id 431
Sep 07, 2024 1:35:41 PM org.eclipse.lsp4j.jsonrpc.RemoteEndpoint handleCancellation
WARNING: Unmatched cancel notification for request id 435
2024.09.07 13:35:42 WARN  Could not load snapshot text for /home/math/sd_test/src/main/scala/test.scala[0m
2024.09.07 13:35:42 INFO  compiling sd_test (1 scala source)[0m
2024.09.07 13:35:42 INFO  time: compiled sd_test in 0.11s[0m
2024.09.07 13:35:42 WARN  Could not load snapshot text for /home/math/sd_test/src/main/scala/test.scala[0m
2024.09.07 13:35:44 WARN  Could not load snapshot text for /home/math/sd_test/src/main/scala/test.scala[0m
2024.09.07 13:35:44 WARN  Could not load snapshot text for /home/math/sd_test/src/main/scala/test.scala[0m
2024.09.07 13:35:44 WARN  Could not load snapshot text for /home/math/sd_test/src/main/scala/test.scala[0m
2024.09.07 13:35:45 INFO  compiling sd_test (1 scala source)[0m
2024.09.07 13:35:45 INFO  time: compiled sd_test in 0.11s[0m
2024.09.07 13:35:45 WARN  Could not load snapshot text for /home/math/sd_test/src/main/scala/test.scala[0m
2024.09.07 13:35:47 WARN  Could not load snapshot text for /home/math/sd_test/src/main/scala/test.scala[0m
2024.09.07 13:35:47 INFO  compiling sd_test (1 scala source)[0m
2024.09.07 13:35:47 INFO  time: compiled sd_test in 0.11s[0m
2024.09.07 13:35:48 WARN  Could not load snapshot text for /home/math/sd_test/src/main/scala/test.scala[0m
2024.09.07 13:35:50 WARN  Could not load snapshot text for /home/math/sd_test/src/main/scala/test.scala[0m
2024.09.07 13:35:51 INFO  compiling sd_test (1 scala source)[0m
2024.09.07 13:35:51 INFO  time: compiled sd_test in 0.14s[0m
2024.09.07 13:35:51 WARN  Could not load snapshot text for /home/math/sd_test/src/main/scala/test.scala[0m
2024.09.07 13:35:59 WARN  Could not load snapshot text for /home/math/sd_test/src/main/scala/test.scala[0m
2024.09.07 13:36:30 WARN  Could not load snapshot text for /home/math/sd_test/src/main/scala/test.scala[0m
2024.09.07 13:36:32 WARN  Could not load snapshot text for /home/math/sd_test/src/main/scala/test.scala[0m
2024.09.07 13:36:32 INFO  compiling sd_test (1 scala source)[0m
2024.09.07 13:36:32 INFO  time: compiled sd_test in 0.2s[0m
2024.09.07 13:36:33 WARN  Could not load snapshot text for /home/math/sd_test/src/main/scala/test.scala[0m
2024.09.07 13:36:33 WARN  Could not load snapshot text for /home/math/sd_test/src/main/scala/test.scala[0m
2024.09.07 13:36:33 WARN  Could not load snapshot text for /home/math/sd_test/src/main/scala/test.scala[0m
2024.09.07 13:36:36 INFO  compiling sd_test (1 scala source)[0m
2024.09.07 13:36:37 INFO  time: compiled sd_test in 1.91s[0m
2024.09.07 13:36:39 INFO  compiling sd_test (1 scala source)[0m
2024.09.07 13:36:41 INFO  time: compiled sd_test in 1.67s[0m
2024.09.07 13:36:51 INFO  compiling sd_test (1 scala source)[0m
Sep 07, 2024 1:36:53 PM org.eclipse.lsp4j.jsonrpc.RemoteEndpoint fallbackResponseError
SEVERE: Internal error: java.lang.InterruptedException
java.util.concurrent.CompletionException: java.lang.InterruptedException
	at java.base/java.util.concurrent.CompletableFuture.encodeThrowable(CompletableFuture.java:315)
	at java.base/java.util.concurrent.CompletableFuture.completeThrowable(CompletableFuture.java:320)
	at java.base/java.util.concurrent.CompletableFuture$UniAccept.tryFire(CompletableFuture.java:722)
	at java.base/java.util.concurrent.CompletableFuture.postComplete(CompletableFuture.java:510)
	at java.base/java.util.concurrent.CompletableFuture.complete(CompletableFuture.java:2147)
	at scala.meta.internal.metals.CancelTokens$.$anonfun$future$1(CancelTokens.scala:42)
	at scala.meta.internal.metals.CancelTokens$.$anonfun$future$1$adapted(CancelTokens.scala:38)
	at scala.concurrent.impl.Promise$Transformation.run(Promise.scala:484)
	at java.base/java.util.concurrent.ThreadPoolExecutor.runWorker(ThreadPoolExecutor.java:1136)
	at java.base/java.util.concurrent.ThreadPoolExecutor$Worker.run(ThreadPoolExecutor.java:635)
	at java.base/java.lang.Thread.run(Thread.java:833)
Caused by: java.lang.InterruptedException
	at scala.meta.internal.metals.FutureCancelToken.checkCanceled(FutureCancelToken.scala:29)
	at scala.meta.pc.VirtualFileParams.checkCanceled(VirtualFileParams.java:34)
	at scala.meta.internal.pc.CompletionProvider.$anonfun$completions$2(CompletionProvider.scala:92)
	at scala.collection.Iterator$$anon$10.next(Iterator.scala:461)
	at scala.collection.Iterator.toStream(Iterator.scala:1417)
	at scala.collection.Iterator.toStream$(Iterator.scala:1416)
	at scala.collection.AbstractIterator.toStream(Iterator.scala:1431)
	at scala.collection.Iterator.$anonfun$toStream$1(Iterator.scala:1417)
	at scala.collection.immutable.Stream$Cons.tail(Stream.scala:1173)
	at scala.collection.immutable.Stream$Cons.tail(Stream.scala:1163)
	at scala.collection.immutable.StreamIterator.$anonfun$next$1(Stream.scala:1061)
	at scala.collection.immutable.StreamIterator$LazyCell.v$lzycompute(Stream.scala:1050)
	at scala.collection.immutable.StreamIterator$LazyCell.v(Stream.scala:1050)
	at scala.collection.immutable.StreamIterator.hasNext(Stream.scala:1055)
	at scala.collection.convert.Wrappers$IteratorWrapper.hasNext(Wrappers.scala:32)
	at org.eclipse.lsp4j.jsonrpc.json.adapters.CollectionTypeAdapter.write(CollectionTypeAdapter.java:134)
	at org.eclipse.lsp4j.jsonrpc.json.adapters.CollectionTypeAdapter.write(CollectionTypeAdapter.java:40)
	at com.google.gson.internal.bind.TypeAdapterRuntimeTypeWrapper.write(TypeAdapterRuntimeTypeWrapper.java:73)
	at com.google.gson.internal.bind.ReflectiveTypeAdapterFactory$2.write(ReflectiveTypeAdapterFactory.java:247)
	at com.google.gson.internal.bind.ReflectiveTypeAdapterFactory$Adapter.write(ReflectiveTypeAdapterFactory.java:490)
	at com.google.gson.Gson.toJson(Gson.java:944)
	at org.eclipse.lsp4j.jsonrpc.json.adapters.MessageTypeAdapter.write(MessageTypeAdapter.java:440)
	at org.eclipse.lsp4j.jsonrpc.json.adapters.MessageTypeAdapter.write(MessageTypeAdapter.java:56)
	at com.google.gson.Gson.toJson(Gson.java:944)
	at com.google.gson.Gson.toJson(Gson.java:899)
	at org.eclipse.lsp4j.jsonrpc.json.MessageJsonHandler.serialize(MessageJsonHandler.java:149)
	at org.eclipse.lsp4j.jsonrpc.json.MessageJsonHandler.serialize(MessageJsonHandler.java:144)
	at org.eclipse.lsp4j.jsonrpc.json.StreamMessageConsumer.consume(StreamMessageConsumer.java:59)
	at org.eclipse.lsp4j.jsonrpc.RemoteEndpoint.lambda$handleRequest$1(RemoteEndpoint.java:290)
	at java.base/java.util.concurrent.CompletableFuture$UniAccept.tryFire(CompletableFuture.java:718)
	... 8 more

2024.09.07 13:36:54 INFO  time: compiled sd_test in 3.26s[0m
Sep 07, 2024 1:36:55 PM org.eclipse.lsp4j.jsonrpc.RemoteEndpoint handleCancellation
WARNING: Unmatched cancel notification for request id 560
2024.09.07 13:36:56 INFO  compiling sd_test (1 scala source)[0m
2024.09.07 13:36:58 INFO  time: compiled sd_test in 1.85s[0m
Sep 07, 2024 1:37:07 PM org.eclipse.lsp4j.jsonrpc.RemoteEndpoint handleCancellation
WARNING: Unmatched cancel notification for request id 585
2024.09.07 13:37:16 INFO  compiling sd_test (1 scala source)[0m
2024.09.07 13:37:16 INFO  time: compiled sd_test in 0.53s[0m
Sep 07, 2024 1:37:19 PM org.eclipse.lsp4j.jsonrpc.RemoteEndpoint handleCancellation
WARNING: Unmatched cancel notification for request id 607
2024.09.07 13:37:19 INFO  compiling sd_test (1 scala source)[0m
2024.09.07 13:37:19 INFO  time: compiled sd_test in 0.12s[0m
2024.09.07 13:37:22 ERROR /home/math/sd_test/src/main/scala/test3.scala
scala.meta.internal.tokenizers.package$UnexpectedInputEndException
	at scala.meta.internal.tokenizers.LegacyScanner.$anonfun$nextToken$1(LegacyScanner.scala:172)
	at scala.Function0.apply$mcV$sp(Function0.scala:42)
	at scala.meta.internal.tokenizers.LegacyScanner.scala$meta$internal$tokenizers$LegacyScanner$$nextToken(LegacyScanner.scala:178)
	at scala.meta.internal.tokenizers.LegacyScanner.nextToken(LegacyScanner.scala:172)
	at scala.meta.internal.mtags.ScalaToplevelMtags$XtensionScanner.mtagsNextToken(ScalaToplevelMtags.scala:72)
	at scala.meta.internal.mtags.ScalaToplevelMtags.emitMember(ScalaToplevelMtags.scala:709)
	at scala.meta.internal.mtags.ScalaToplevelMtags.loop(ScalaToplevelMtags.scala:247)
	at scala.meta.internal.mtags.ScalaToplevelMtags.indexRoot(ScalaToplevelMtags.scala:84)
	at scala.meta.internal.metals.SemanticdbDefinition$.foreachWithReturnMtags(SemanticdbDefinition.scala:81)
	at scala.meta.internal.metals.Indexer.indexSourceFile(Indexer.scala:595)
	at scala.meta.internal.metals.Indexer.$anonfun$reindexWorkspaceSources$3(Indexer.scala:693)
	at scala.meta.internal.metals.Indexer.$anonfun$reindexWorkspaceSources$3$adapted(Indexer.scala:690)
	at scala.collection.IterableOnceOps.foreach(IterableOnce.scala:619)
	at scala.collection.IterableOnceOps.foreach$(IterableOnce.scala:617)
	at scala.collection.AbstractIterator.foreach(Iterator.scala:1303)
	at scala.meta.internal.metals.Indexer.reindexWorkspaceSources(Indexer.scala:690)
	at scala.meta.internal.metals.MetalsLspService.$anonfun$onChange$2(MetalsLspService.scala:952)
	at scala.runtime.java8.JFunction0$mcV$sp.apply(JFunction0$mcV$sp.scala:18)
	at scala.concurrent.Future$.$anonfun$apply$1(Future.scala:687)
	at scala.concurrent.impl.Promise$Transformation.run(Promise.scala:467)
	at java.util.concurrent.ThreadPoolExecutor.runWorker(ThreadPoolExecutor.java:1136)
	at java.util.concurrent.ThreadPoolExecutor$Worker.run(ThreadPoolExecutor.java:635)
	at java.lang.Thread.run(Thread.java:833)
[0m
2024.09.07 13:37:22 INFO  compiling sd_test (1 scala source)[0m
2024.09.07 13:37:22 INFO  time: compiled sd_test in 0.11s[0m
Sep 07, 2024 1:37:25 PM org.eclipse.lsp4j.jsonrpc.RemoteEndpoint handleCancellation
WARNING: Unmatched cancel notification for request id 647
2024.09.07 13:37:25 INFO  compiling sd_test (1 scala source)[0m
2024.09.07 13:37:25 INFO  time: compiled sd_test in 0.53s[0m
Sep 07, 2024 1:37:31 PM org.eclipse.lsp4j.jsonrpc.RemoteEndpoint handleCancellation
WARNING: Unmatched cancel notification for request id 675
Sep 07, 2024 1:37:31 PM org.eclipse.lsp4j.jsonrpc.RemoteEndpoint handleCancellation
WARNING: Unmatched cancel notification for request id 677
Sep 07, 2024 1:37:31 PM org.eclipse.lsp4j.jsonrpc.RemoteEndpoint handleCancellation
WARNING: Unmatched cancel notification for request id 678
2024.09.07 13:38:55 INFO  Shutting down server[0m
2024.09.07 13:38:55 INFO  shutting down Metals[0m
2024.09.07 13:38:55 INFO  Shut down connection with build server.[0m
2024.09.07 13:38:55 INFO  Shut down connection with build server.[0m
2024.09.07 13:38:55 INFO  Shut down connection with build server.[0m
2024.09.07 13:38:55 INFO  Exiting server[0m
2024.09.07 13:39:16 INFO  Started: Metals version 1.3.5 in folders '/home/math/sd_test' for client Visual Studio Code 1.93.0.[0m
2024.09.07 13:39:16 INFO  time: initialize in 0.13s[0m
SLF4J(W): Class path contains multiple SLF4J providers.
SLF4J(W): Found provider [scribe.slf4j.ScribeServiceProvider@426db733]
SLF4J(W): Found provider [ch.qos.logback.classic.spi.LogbackServiceProvider@1b40bfcf]
SLF4J(W): See https://www.slf4j.org/codes.html#multiple_bindings for an explanation.
SLF4J(I): Actual provider is of type [scribe.slf4j.ScribeServiceProvider@426db733]
2024.09.07 13:39:19 WARN  Flyway upgrade recommended: H2 2.3.230 is newer than this version of Flyway and support has not been tested. The latest supported version of H2 is 2.2.220.[0m
2024.09.07 13:39:21 INFO  Attempting to connect to the build server...[0m
2024.09.07 13:39:23 INFO  no build target found for /home/math/sd_test/src/main/scala/test3.scala. Using presentation compiler with project's scala-library version: 3.3.3[0m
2024.09.07 13:39:23 INFO  tracing is disabled for protocol BSP, to enable tracing of incoming and outgoing JSON messages create an empty file at /home/math/sd_test/.metals/bsp.trace.json or /home/math/.cache/metals/bsp.trace.json[0m
2024.09.07 13:39:23 INFO  Attempting to connect to the build server...[0m
2024.09.07 13:39:23 INFO  Attempting to connect to the build server...[0m
2024.09.07 13:39:23 INFO  tracing is disabled for protocol BSP, to enable tracing of incoming and outgoing JSON messages create an empty file at /home/math/sd_test/project/.metals/bsp.trace.json or /home/math/.cache/metals/bsp.trace.json[0m
2024.09.07 13:39:24 INFO  tracing is disabled for protocol BSP, to enable tracing of incoming and outgoing JSON messages create an empty file at /home/math/sd_test/project/project/.metals/bsp.trace.json or /home/math/.cache/metals/bsp.trace.json[0m
2024.09.07 13:39:24 INFO  time: Connected to build server in 3.04s[0m
2024.09.07 13:39:24 INFO  Connected to Build server: Bloop v1.6.0[0m
2024.09.07 13:39:24 INFO  time: Imported build in 0.3s[0m
2024.09.07 13:39:26 INFO  running doctor check[0m
2024.09.07 13:39:26 INFO  java targets: sd_test-build-build, sd_test, sd_test-build, sd_test-test[0m
2024.09.07 13:39:31 WARN  Flyway upgrade recommended: H2 2.3.230 is newer than this version of Flyway and support has not been tested. The latest supported version of H2 is 2.2.220.[0m
2024.09.07 13:39:33 INFO  time: indexed workspace in 7.23s[0m
2024.09.07 13:40:21 INFO  tracing is disabled for protocol dap-server, to enable tracing of incoming and outgoing JSON messages create an empty file at /home/math/sd_test/.metals/dap-server.trace.json or /home/math/.cache/metals/dap-server.trace.json[0m
2024.09.07 13:40:21 INFO  tracing is disabled for protocol dap-client, to enable tracing of incoming and outgoing JSON messages create an empty file at /home/math/sd_test/.metals/dap-client.trace.json or /home/math/.cache/metals/dap-client.trace.json[0m
2024.09.07 13:40:21 INFO  Starting debug proxy for [TestMain][0m
2024.09.07 13:40:23 INFO  Loaded expression compiler in 1 second[0m
2024.09.07 13:40:29 INFO  Loaded all sources and classes in 5 seconds[0m
2024.09.07 13:40:29 INFO  Initialized Scala 3 decoder in 5 milliseconds[0m
2024.09.07 13:40:29 INFO  Trying to attach to remote debuggee VM localhost:58883 .[0m
2024.09.07 13:40:29 INFO  Attaching to debuggee VM succeeded.[0m
2024.09.07 13:40:30 INFO  Canceling debug proxy for [TestMain][0m
2024.09.07 13:40:30 INFO  Closing debug server tcp://0.0.0.0:38563[0m
Sep 07, 2024 1:40:52 PM org.eclipse.lsp4j.jsonrpc.services.GenericEndpoint notify
INFO: Unsupported notification method: $/setTrace
